0 verbose cli C:\Program Files\nodejs\node.exe C:\Program Files\nodejs\node_modules\npm\bin\npm-cli.js
1 info using npm@8.11.0
2 info using node@v16.16.0
3 timing npm:load:whichnode Completed in 0ms
4 timing config:load:defaults Completed in 2ms
5 timing config:load:file:C:\Program Files\nodejs\node_modules\npm\npmrc Completed in 9ms
6 timing config:load:builtin Completed in 9ms
7 timing config:load:cli Completed in 1ms
8 timing config:load:env Completed in 1ms
9 timing config:load:project Completed in 2ms
10 timing config:load:file:C:\Users\hanur\.npmrc Completed in 1ms
11 timing config:load:user Completed in 1ms
12 timing config:load:file:C:\Users\hanur\AppData\Roaming\npm\etc\npmrc Completed in 1ms
13 timing config:load:global Completed in 1ms
14 timing config:load:validate Completed in 1ms
15 timing config:load:credentials Completed in 0ms
16 timing config:load:setEnvs Completed in 1ms
17 timing config:load Completed in 19ms
18 timing npm:load:configload Completed in 19ms
19 timing npm:load:mkdirpcache Completed in 1ms
20 timing npm:load:mkdirplogs Completed in 0ms
21 verbose title npm install yarn
22 verbose argv "install" "yarn"
23 timing npm:load:setTitle Completed in 1ms
24 timing config:load:flatten Completed in 2ms
25 timing npm:load:display Completed in 3ms
26 verbose logfile logs-max:10 dir:C:\Users\hanur\Documents\Project\ReactJS\simple-notes-firebase\_logs
27 verbose logfile C:\Users\hanur\Documents\Project\ReactJS\simple-notes-firebase\_logs\2022-08-11T11_28_32_884Z-debug-0.log
28 timing npm:load:logFile Completed in 6ms
29 timing npm:load:timers Completed in 0ms
30 timing npm:load:configScope Completed in 0ms
31 timing npm:load Completed in 32ms
32 timing arborist:ctor Completed in 1ms
33 silly logfile start cleaning logs, removing 2 files
34 silly logfile done cleaning log files
35 timing idealTree:init Completed in 131ms
36 timing idealTree:userRequests Completed in 2ms
37 silly idealTree buildDeps
38 silly fetch manifest yarn@*
39 timing arborist:ctor Completed in 0ms
40 http fetch GET 200 https://registry.npmjs.org/yarn 165ms (cache hit)
41 silly placeDep ROOT yarn@1.22.19 OK for:  want: *
42 timing idealTree:#root Completed in 172ms
43 timing idealTree:node_modules/yarn Completed in 0ms
44 timing idealTree:buildDeps Completed in 174ms
45 timing idealTree:fixDepFlags Completed in 2ms
46 timing idealTree Completed in 312ms
47 timing reify:loadTrees Completed in 313ms
48 timing reify:diffTrees Completed in 19ms
49 silly reify moves {}
50 timing reify:retireShallow Completed in 1ms
51 timing reify:createSparse Completed in 2ms
52 timing reify:loadBundles Completed in 0ms
53 silly audit bulk request {
53 silly audit   '@babel/runtime': [ '7.18.9' ],
53 silly audit   '@sindresorhus/is': [ '0.14.0' ],
53 silly audit   '@szmarczak/http-timer': [ '1.1.2' ],
53 silly audit   accepts: [ '1.3.8' ],
53 silly audit   'ansi-align': [ '3.0.1' ],
53 silly audit   'ansi-regex': [ '5.0.1' ],
53 silly audit   'ansi-styles': [ '4.3.0' ],
53 silly audit   'array-flatten': [ '1.1.1' ],
53 silly audit   'basic-auth': [ '2.0.1' ],
53 silly audit   'body-parser': [ '1.20.0' ],
53 silly audit   boxen: [ '5.1.2' ],
53 silly audit   bytes: [ '3.1.2', '3.0.0' ],
53 silly audit   'cacheable-request': [ '6.1.0' ],
53 silly audit   'get-stream': [ '5.2.0', '4.1.0' ],
53 silly audit   'lowercase-keys': [ '2.0.0', '1.0.1' ],
53 silly audit   'call-bind': [ '1.0.2' ],
53 silly audit   camelcase: [ '6.3.0' ],
53 silly audit   chalk: [ '4.1.2' ],
53 silly audit   'ci-info': [ '2.0.0' ],
53 silly audit   'cli-boxes': [ '2.2.1' ],
53 silly audit   cliui: [ '7.0.4' ],
53 silly audit   'clone-response': [ '1.0.3' ],
53 silly audit   'color-convert': [ '2.0.1' ],
53 silly audit   'color-name': [ '1.1.4' ],
53 silly audit   compressible: [ '2.0.18' ],
53 silly audit   compression: [ '1.7.4' ],
53 silly audit   configstore: [ '5.0.1' ],
53 silly audit   'connect-pause': [ '0.1.1' ],
53 silly audit   'content-disposition': [ '0.5.4' ],
53 silly audit   'safe-buffer': [ '5.2.1', '5.1.2' ],
53 silly audit   'content-type': [ '1.0.4' ],
53 silly audit   cookie: [ '0.5.0' ],
53 silly audit   'cookie-signature': [ '1.0.6' ],
53 silly audit   cors: [ '2.8.5' ],
53 silly audit   'crypto-random-string': [ '2.0.0' ],
53 silly audit   debug: [ '2.6.9', '3.1.0' ],
53 silly audit   'decompress-response': [ '3.3.0' ],
53 silly audit   'deep-extend': [ '0.6.0' ],
53 silly audit   'defer-to-connect': [ '1.1.3' ],
53 silly audit   depd: [ '2.0.0' ],
53 silly audit   destroy: [ '1.2.0' ],
53 silly audit   'dot-prop': [ '5.3.0' ],
53 silly audit   duplexer3: [ '0.1.5' ],
53 silly audit   'ee-first': [ '1.1.1' ],
53 silly audit   'emoji-regex': [ '8.0.0' ],
53 silly audit   encodeurl: [ '1.0.2' ],
53 silly audit   'end-of-stream': [ '1.4.4' ],
53 silly audit   errorhandler: [ '1.5.1' ],
53 silly audit   escalade: [ '3.1.1' ],
53 silly audit   'escape-goat': [ '2.1.1' ],
53 silly audit   'escape-html': [ '1.0.3' ],
53 silly audit   etag: [ '1.8.1' ],
53 silly audit   express: [ '4.18.1' ],
53 silly audit   'express-urlrewrite': [ '1.4.0' ],
53 silly audit   'path-to-regexp': [ '1.8.0', '0.1.7' ],
53 silly audit   finalhandler: [ '1.2.0' ],
53 silly audit   forwarded: [ '0.2.0' ],
53 silly audit   fresh: [ '0.5.2' ],
53 silly audit   'function-bind': [ '1.1.1' ],
53 silly audit   'get-caller-file': [ '2.0.5' ],
53 silly audit   'get-intrinsic': [ '1.1.2' ],
53 silly audit   'global-dirs': [ '3.0.0' ],
53 silly audit   got: [ '9.6.0' ],
53 silly audit   'graceful-fs': [ '4.2.10' ],
53 silly audit   has: [ '1.0.3' ],
53 silly audit   'has-flag': [ '4.0.0' ],
53 silly audit   'has-symbols': [ '1.0.3' ],
53 silly audit   'has-yarn': [ '2.1.0' ],
53 silly audit   'http-cache-semantics': [ '4.1.0' ],
53 silly audit   'http-errors': [ '2.0.0' ],
53 silly audit   'iconv-lite': [ '0.4.24' ],
53 silly audit   'import-lazy': [ '2.1.0' ],
53 silly audit   imurmurhash: [ '0.1.4' ],
53 silly audit   inherits: [ '2.0.4' ],
53 silly audit   ini: [ '2.0.0', '1.3.8' ],
53 silly audit   'ipaddr.js': [ '1.9.1' ],
53 silly audit   'is-ci': [ '2.0.0' ],
53 silly audit   'is-fullwidth-code-point': [ '3.0.0' ],
53 silly audit   'is-installed-globally': [ '0.4.0' ],
53 silly audit   'is-npm': [ '5.0.0' ],
53 silly audit   'is-obj': [ '2.0.0' ],
53 silly audit   'is-path-inside': [ '3.0.3' ],
53 silly audit   'is-promise': [ '2.2.2' ],
53 silly audit   'is-typedarray': [ '1.0.0' ],
53 silly audit   'is-yarn-global': [ '0.3.0' ],
53 silly audit   isarray: [ '0.0.1' ],
53 silly audit   jju: [ '1.4.0' ],
53 silly audit   'json-buffer': [ '3.0.0' ],
53 silly audit   'json-parse-helpfulerror': [ '1.0.3' ],
53 silly audit   'json-server': [ '0.17.0' ],
53 silly audit   keyv: [ '3.1.0' ],
53 silly audit   'latest-version': [ '5.1.0' ],
53 silly audit   lodash: [ '4.17.21' ],
53 silly audit   'lodash-id': [ '0.14.1' ],
53 silly audit   lowdb: [ '1.0.0' ],
53 silly audit   'lru-cache': [ '6.0.0' ],
53 silly audit   'make-dir': [ '3.1.0' ],
53 silly audit   semver: [ '6.3.0', '7.3.7' ],
53 silly audit   'media-typer': [ '0.3.0' ],
53 silly audit   'merge-descriptors': [ '1.0.1' ],
53 silly audit   'method-override': [ '3.0.0' ],
53 silly audit   methods: [ '1.1.2' ],
53 silly audit   mime: [ '1.6.0' ],
53 silly audit   'mime-db': [ '1.52.0' ],
53 silly audit   'mime-types': [ '2.1.35' ],
53 silly audit   'mimic-response': [ '1.0.1' ],
53 silly audit   minimist: [ '1.2.6' ],
53 silly audit   morgan: [ '1.10.0' ],
53 silly audit   'on-finished': [ '2.3.0', '2.4.1' ],
53 silly audit   ms: [ '2.0.0', '2.1.3' ],
53 silly audit   nanoid: [ '3.3.4' ],
53 silly audit   negotiator: [ '0.6.3' ],
53 silly audit   'normalize-url': [ '4.5.1' ],
53 silly audit   'object-assign': [ '4.1.1' ],
53 silly audit   'object-inspect': [ '1.12.2' ],
53 silly audit   'on-headers': [ '1.0.2' ],
53 silly audit   once: [ '1.4.0' ],
53 silly audit   'p-cancelable': [ '1.1.0' ],
53 silly audit   'package-json': [ '6.5.0' ],
53 silly audit   parseurl: [ '1.3.3' ],
53 silly audit   pify: [ '3.0.0' ],
53 silly audit   'please-upgrade-node': [ '3.2.0' ],
53 silly audit   pluralize: [ '8.0.0' ],
53 silly audit   'prepend-http': [ '2.0.0' ],
53 silly audit   'proxy-addr': [ '2.0.7' ],
53 silly audit   pump: [ '3.0.0' ],
53 silly audit   pupa: [ '2.1.1' ],
53 silly audit   qs: [ '6.10.3' ],
53 silly audit   'range-parser': [ '1.2.1' ],
53 silly audit   'raw-body': [ '2.5.1' ],
53 silly audit   rc: [ '1.2.8' ],
53 silly audit   redux: [ '4.2.0' ],
53 silly audit   'regenerator-runtime': [ '0.13.9' ],
53 silly audit   'registry-auth-token': [ '4.2.2' ],
53 silly audit   'registry-url': [ '5.1.0' ],
53 silly audit   'require-directory': [ '2.1.1' ],
53 silly audit   responselike: [ '1.0.2' ],
53 silly audit   'safer-buffer': [ '2.1.2' ],
53 silly audit   'semver-compare': [ '1.0.0' ],
53 silly audit   'semver-diff': [ '3.1.1' ],
53 silly audit   send: [ '0.18.0' ],
53 silly audit   'serve-static': [ '1.15.0' ],
53 silly audit   'server-destroy': [ '1.0.1' ],
53 silly audit   setprototypeof: [ '1.2.0' ],
53 silly audit   'side-channel': [ '1.0.4' ],
53 silly audit   'signal-exit': [ '3.0.7' ],
53 silly audit   statuses: [ '2.0.1' ],
53 silly audit   steno: [ '0.4.4' ],
53 silly audit   'string-width': [ '4.2.3' ],
53 silly audit   'strip-ansi': [ '6.0.1' ],
53 silly audit   'strip-json-comments': [ '2.0.1' ],
53 silly audit   'supports-color': [ '7.2.0' ],
53 silly audit   'to-readable-stream': [ '1.0.0' ],
53 silly audit   toidentifier: [ '1.0.1' ],
53 silly audit   'type-fest': [ '0.20.2' ],
53 silly audit   'type-is': [ '1.6.18' ],
53 silly audit   'typedarray-to-buffer': [ '3.1.5' ],
53 silly audit   'unique-string': [ '2.0.0' ],
53 silly audit   unpipe: [ '1.0.0' ],
53 silly audit   'update-notifier': [ '5.1.0' ],
53 silly audit   'url-parse-lax': [ '3.0.0' ],
53 silly audit   'utils-merge': [ '1.0.1' ],
53 silly audit   vary: [ '1.1.2' ],
53 silly audit   'widest-line': [ '3.1.0' ],
53 silly audit   'wrap-ansi': [ '7.0.0' ],
53 silly audit   wrappy: [ '1.0.2' ],
53 silly audit   'write-file-atomic': [ '3.0.3' ],
53 silly audit   'xdg-basedir': [ '4.0.0' ],
53 silly audit   y18n: [ '5.0.8' ],
53 silly audit   yallist: [ '4.0.0' ],
53 silly audit   yargs: [ '17.5.1' ],
53 silly audit   'yargs-parser': [ '21.1.1' ],
53 silly audit   yarn: [ '1.22.19' ]
53 silly audit }
54 timing reifyNode:node_modules/yarn Completed in 99ms
55 timing reify:unpack Completed in 99ms
56 timing reify:unretire Completed in 1ms
57 timing build:queue Completed in 2ms
58 info run yarn@1.22.19 preinstall node_modules/yarn :; (node ./preinstall.js > /dev/null 2>&1 || true)
59 info run yarn@1.22.19 preinstall { code: 0, signal: null }
60 timing build:run:preinstall:node_modules/yarn Completed in 13ms
61 timing build:run:preinstall Completed in 13ms
62 timing build:link:node_modules/yarn Completed in 5ms
63 timing build:link Completed in 5ms
64 timing build:deps Completed in 20ms
65 timing build Completed in 20ms
66 timing reify:build Completed in 20ms
67 timing reify:trash Completed in 0ms
68 timing reify:save Completed in 39ms
69 http fetch POST 200 https://registry.npmjs.org/-/npm/v1/security/advisories/bulk 373ms
70 timing auditReport:getReport Completed in 377ms
71 silly audit report {
71 silly audit report   got: [
71 silly audit report     {
71 silly audit report       id: 1080920,
71 silly audit report       url: 'https://github.com/advisories/GHSA-pfrx-2q88-qq97',
71 silly audit report       title: 'Got allows a redirect to a UNIX socket',
71 silly audit report       severity: 'moderate',
71 silly audit report       vulnerable_versions: '<11.8.5',
71 silly audit report       cwe: [],
71 silly audit report       cvss: [Object]
71 silly audit report     }
71 silly audit report   ]
71 silly audit report }
72 timing metavuln:cache:get:security-advisory:got:VDAqdWeBprXIM3ID/tj0yOqinr2LIY3dglkA/C/aM/Y9MNOK816kL4DQvwHiY6OuV+J0HRHAYvZDHl0QaZw/Og== Completed in 4ms
73 http fetch GET 200 https://registry.npmjs.org/got 188ms (cache miss)
74 timing metavuln:packument:got Completed in 194ms
75 timing metavuln:load:security-advisory:got:1080920 Completed in 16ms
76 timing metavuln:cache:put:security-advisory:got:VDAqdWeBprXIM3ID/tj0yOqinr2LIY3dglkA/C/aM/Y9MNOK816kL4DQvwHiY6OuV+J0HRHAYvZDHl0QaZw/Og== Completed in 7ms
77 timing metavuln:calculate:security-advisory:got:1080920 Completed in 219ms
78 timing metavuln:cache:get:security-advisory:package-json:T3ZXJGbEsPCBqborbg0f0+wAPX3vjxp1J7yUg4R8QmN1Ww3Qfm2zNW4PLHrDzCkp7GJZAtydwpR7x99S052H3A== Completed in 1ms
79 http fetch GET 200 https://registry.npmjs.org/package-json 54ms (cache miss)
80 timing metavuln:packument:package-json Completed in 55ms
81 timing metavuln:load:security-advisory:package-json:VDAqdWeBprXIM3ID/tj0yOqinr2LIY3dglkA/C/aM/Y9MNOK816kL4DQvwHiY6OuV+J0HRHAYvZDHl0QaZw/Og== Completed in 26ms
82 timing metavuln:cache:put:security-advisory:package-json:T3ZXJGbEsPCBqborbg0f0+wAPX3vjxp1J7yUg4R8QmN1Ww3Qfm2zNW4PLHrDzCkp7GJZAtydwpR7x99S052H3A== Completed in 6ms
83 timing metavuln:calculate:security-advisory:package-json:VDAqdWeBprXIM3ID/tj0yOqinr2LIY3dglkA/C/aM/Y9MNOK816kL4DQvwHiY6OuV+J0HRHAYvZDHl0QaZw/Og== Completed in 87ms
84 timing metavuln:cache:get:security-advisory:latest-version:px3BGTh0zXO0FGPeGweQ9jqShrQQXkwvso85ThJdSYlN4ZaZJDL3uEj6l9X6a7TaVNgKnd3jqWD9VSx0Ti/yzQ== Completed in 2ms
85 http fetch GET 200 https://registry.npmjs.org/latest-version 92ms (cache miss)
86 timing metavuln:packument:latest-version Completed in 93ms
87 timing metavuln:load:security-advisory:latest-version:T3ZXJGbEsPCBqborbg0f0+wAPX3vjxp1J7yUg4R8QmN1Ww3Qfm2zNW4PLHrDzCkp7GJZAtydwpR7x99S052H3A== Completed in 7ms
88 timing metavuln:cache:put:security-advisory:latest-version:px3BGTh0zXO0FGPeGweQ9jqShrQQXkwvso85ThJdSYlN4ZaZJDL3uEj6l9X6a7TaVNgKnd3jqWD9VSx0Ti/yzQ== Completed in 9ms
89 timing metavuln:calculate:security-advisory:latest-version:T3ZXJGbEsPCBqborbg0f0+wAPX3vjxp1J7yUg4R8QmN1Ww3Qfm2zNW4PLHrDzCkp7GJZAtydwpR7x99S052H3A== Completed in 110ms
90 timing metavuln:cache:get:security-advisory:update-notifier:xP9mRUu7m2mo/448iOKQBNLQe2N0zzOtFmffIfl+EP72ua2qlDbi4Wmy47kf6ngmCp6oXq5KSrlC0sT177Bjvg== Completed in 2ms
91 http fetch GET 200 https://registry.npmjs.org/update-notifier 86ms (cache miss)
92 timing metavuln:packument:update-notifier Completed in 92ms
93 timing metavuln:load:security-advisory:update-notifier:px3BGTh0zXO0FGPeGweQ9jqShrQQXkwvso85ThJdSYlN4ZaZJDL3uEj6l9X6a7TaVNgKnd3jqWD9VSx0Ti/yzQ== Completed in 26ms
94 timing metavuln:cache:put:security-advisory:update-notifier:xP9mRUu7m2mo/448iOKQBNLQe2N0zzOtFmffIfl+EP72ua2qlDbi4Wmy47kf6ngmCp6oXq5KSrlC0sT177Bjvg== Completed in 12ms
95 timing metavuln:calculate:security-advisory:update-notifier:px3BGTh0zXO0FGPeGweQ9jqShrQQXkwvso85ThJdSYlN4ZaZJDL3uEj6l9X6a7TaVNgKnd3jqWD9VSx0Ti/yzQ== Completed in 131ms
96 timing metavuln:cache:get:security-advisory:json-server:/qcsstfk/IX5BqYJWCE5tuDi0dVCnecbnEvj4o+8wFQl/0WafNJYH7fJ3m7CwjgyJRz4y0f0mY9klzxD0Gb1+A== Completed in 1ms
97 http fetch GET 200 https://registry.npmjs.org/json-server 83ms (cache miss)
98 timing metavuln:packument:json-server Completed in 89ms
99 timing metavuln:load:security-advisory:json-server:xP9mRUu7m2mo/448iOKQBNLQe2N0zzOtFmffIfl+EP72ua2qlDbi4Wmy47kf6ngmCp6oXq5KSrlC0sT177Bjvg== Completed in 15ms
100 timing metavuln:cache:put:security-advisory:json-server:/qcsstfk/IX5BqYJWCE5tuDi0dVCnecbnEvj4o+8wFQl/0WafNJYH7fJ3m7CwjgyJRz4y0f0mY9klzxD0Gb1+A== Completed in 6ms
101 timing metavuln:calculate:security-advisory:json-server:xP9mRUu7m2mo/448iOKQBNLQe2N0zzOtFmffIfl+EP72ua2qlDbi4Wmy47kf6ngmCp6oXq5KSrlC0sT177Bjvg== Completed in 111ms
102 timing auditReport:init Completed in 680ms
103 timing reify:audit Completed in 1059ms
104 timing reify Completed in 1404ms
105 silly ADD node_modules/yarn
106 timing command:install Completed in 1419ms
107 verbose exit 0
108 timing npm Completed in 1541ms
109 info ok
